Compiling the C compiler identification source file "CMakeCCompilerId.c" failed.
Compiler: /home/mantovan/libafl_tests/fuzzing-101-solutions/exercise-1-enhanced/build/../../target/release/compiler 
Build flags: 
Id flags:  

The output was:
1
clang: error: no such file or directory: '/home/mantovan/libafl_tests/fuzzing-101-solutions/exercise-1-enhanced/build/CMakeFiles/3.18.2/CompilerIdC/libexerciseone.a'


Compiling the CXX compiler identification source file "CMakeCXXCompilerId.cpp" failed.
Compiler: /home/mantovan/libafl_tests/fuzzing-101-solutions/exercise-1-enhanced/build/../../target/release/compiler_pp 
Build flags: 
Id flags:  

The output was:
1
clang: error: no such file or directory: '/home/mantovan/libafl_tests/fuzzing-101-solutions/exercise-1-enhanced/build/CMakeFiles/3.18.2/CompilerIdCXX/libexerciseone.a'


Determining if the function mkstemp exists failed with the following output:
Change Dir: /home/mantovan/libafl_tests/fuzzing-101-solutions/exercise-1-enhanced/build/CMakeFiles/CMakeTmp

Run Build Command(s):/usr/bin/make cmTC_94685/fast && /usr/bin/make  -f CMakeFiles/cmTC_94685.dir/build.make CMakeFiles/cmTC_94685.dir/build
make[1]: Entering directory '/home/mantovan/libafl_tests/fuzzing-101-solutions/exercise-1-enhanced/build/CMakeFiles/CMakeTmp'
Building C object CMakeFiles/cmTC_94685.dir/CheckFunctionExists.c.o
/home/mantovan/libafl_tests/fuzzing-101-solutions/exercise-1-enhanced/build/../../target/release/compiler   -DCHECK_FUNCTION_EXISTS=mkstemp -o CMakeFiles/cmTC_94685.dir/CheckFunctionExists.c.o -c /usr/local/share/cmake-3.18/Modules/CheckFunctionExists.c
Linking C executable cmTC_94685
/usr/local/bin/cmake -E cmake_link_script CMakeFiles/cmTC_94685.dir/link.txt --verbose=1
/home/mantovan/libafl_tests/fuzzing-101-solutions/exercise-1-enhanced/build/../../target/release/compiler  -DCHECK_FUNCTION_EXISTS=mkstemp -rdynamic CMakeFiles/cmTC_94685.dir/CheckFunctionExists.c.o -o cmTC_94685 
clang: error: no such file or directory: '/home/mantovan/libafl_tests/fuzzing-101-solutions/exercise-1-enhanced/build/CMakeFiles/CMakeTmp/libexerciseone.a'
CMakeFiles/cmTC_94685.dir/build.make:105: recipe for target 'cmTC_94685' failed
make[1]: *** [cmTC_94685] Error 1
make[1]: Leaving directory '/home/mantovan/libafl_tests/fuzzing-101-solutions/exercise-1-enhanced/build/CMakeFiles/CMakeTmp'
Makefile:140: recipe for target 'cmTC_94685/fast' failed
make: *** [cmTC_94685/fast] Error 2



Determining if the function mkstemps exists failed with the following output:
Change Dir: /home/mantovan/libafl_tests/fuzzing-101-solutions/exercise-1-enhanced/build/CMakeFiles/CMakeTmp

Run Build Command(s):/usr/bin/make cmTC_ab0b1/fast && /usr/bin/make  -f CMakeFiles/cmTC_ab0b1.dir/build.make CMakeFiles/cmTC_ab0b1.dir/build
make[1]: Entering directory '/home/mantovan/libafl_tests/fuzzing-101-solutions/exercise-1-enhanced/build/CMakeFiles/CMakeTmp'
Building C object CMakeFiles/cmTC_ab0b1.dir/CheckFunctionExists.c.o
/home/mantovan/libafl_tests/fuzzing-101-solutions/exercise-1-enhanced/build/../../target/release/compiler   -DCHECK_FUNCTION_EXISTS=mkstemps -o CMakeFiles/cmTC_ab0b1.dir/CheckFunctionExists.c.o -c /usr/local/share/cmake-3.18/Modules/CheckFunctionExists.c
Linking C executable cmTC_ab0b1
/usr/local/bin/cmake -E cmake_link_script CMakeFiles/cmTC_ab0b1.dir/link.txt --verbose=1
/home/mantovan/libafl_tests/fuzzing-101-solutions/exercise-1-enhanced/build/../../target/release/compiler  -DCHECK_FUNCTION_EXISTS=mkstemps -rdynamic CMakeFiles/cmTC_ab0b1.dir/CheckFunctionExists.c.o -o cmTC_ab0b1 
clang: error: no such file or directory: '/home/mantovan/libafl_tests/fuzzing-101-solutions/exercise-1-enhanced/build/CMakeFiles/CMakeTmp/libexerciseone.a'
CMakeFiles/cmTC_ab0b1.dir/build.make:105: recipe for target 'cmTC_ab0b1' failed
make[1]: *** [cmTC_ab0b1] Error 1
make[1]: Leaving directory '/home/mantovan/libafl_tests/fuzzing-101-solutions/exercise-1-enhanced/build/CMakeFiles/CMakeTmp'
Makefile:140: recipe for target 'cmTC_ab0b1/fast' failed
make: *** [cmTC_ab0b1/fast] Error 2



Determining if the function popen exists failed with the following output:
Change Dir: /home/mantovan/libafl_tests/fuzzing-101-solutions/exercise-1-enhanced/build/CMakeFiles/CMakeTmp

Run Build Command(s):/usr/bin/make cmTC_0284a/fast && /usr/bin/make  -f CMakeFiles/cmTC_0284a.dir/build.make CMakeFiles/cmTC_0284a.dir/build
make[1]: Entering directory '/home/mantovan/libafl_tests/fuzzing-101-solutions/exercise-1-enhanced/build/CMakeFiles/CMakeTmp'
Building C object CMakeFiles/cmTC_0284a.dir/CheckFunctionExists.c.o
/home/mantovan/libafl_tests/fuzzing-101-solutions/exercise-1-enhanced/build/../../target/release/compiler   -DCHECK_FUNCTION_EXISTS=popen -o CMakeFiles/cmTC_0284a.dir/CheckFunctionExists.c.o -c /usr/local/share/cmake-3.18/Modules/CheckFunctionExists.c
Linking C executable cmTC_0284a
/usr/local/bin/cmake -E cmake_link_script CMakeFiles/cmTC_0284a.dir/link.txt --verbose=1
/home/mantovan/libafl_tests/fuzzing-101-solutions/exercise-1-enhanced/build/../../target/release/compiler  -DCHECK_FUNCTION_EXISTS=popen -rdynamic CMakeFiles/cmTC_0284a.dir/CheckFunctionExists.c.o -o cmTC_0284a 
clang: error: no such file or directory: '/home/mantovan/libafl_tests/fuzzing-101-solutions/exercise-1-enhanced/build/CMakeFiles/CMakeTmp/libexerciseone.a'
CMakeFiles/cmTC_0284a.dir/build.make:105: recipe for target 'cmTC_0284a' failed
make[1]: *** [cmTC_0284a] Error 1
make[1]: Leaving directory '/home/mantovan/libafl_tests/fuzzing-101-solutions/exercise-1-enhanced/build/CMakeFiles/CMakeTmp'
Makefile:140: recipe for target 'cmTC_0284a/fast' failed
make: *** [cmTC_0284a/fast] Error 2



Performing C++ SOURCE FILE Test HAVE_STD_SORT failed with the following output:
Change Dir: /home/mantovan/libafl_tests/fuzzing-101-solutions/exercise-1-enhanced/build/CMakeFiles/CMakeTmp

Run Build Command(s):/usr/bin/make cmTC_4599a/fast && /usr/bin/make  -f CMakeFiles/cmTC_4599a.dir/build.make CMakeFiles/cmTC_4599a.dir/build
make[1]: Entering directory '/home/mantovan/libafl_tests/fuzzing-101-solutions/exercise-1-enhanced/build/CMakeFiles/CMakeTmp'
Building CXX object CMakeFiles/cmTC_4599a.dir/src.cxx.o
/home/mantovan/libafl_tests/fuzzing-101-solutions/exercise-1-enhanced/build/../../target/release/compiler_pp   -DHAVE_STD_SORT -o CMakeFiles/cmTC_4599a.dir/src.cxx.o -c /home/mantovan/libafl_tests/fuzzing-101-solutions/exercise-1-enhanced/build/CMakeFiles/CMakeTmp/src.cxx
Linking CXX executable cmTC_4599a
/usr/local/bin/cmake -E cmake_link_script CMakeFiles/cmTC_4599a.dir/link.txt --verbose=1
/home/mantovan/libafl_tests/fuzzing-101-solutions/exercise-1-enhanced/build/../../target/release/compiler_pp  -DHAVE_STD_SORT -rdynamic CMakeFiles/cmTC_4599a.dir/src.cxx.o -o cmTC_4599a 
clang: error: no such file or directory: '/home/mantovan/libafl_tests/fuzzing-101-solutions/exercise-1-enhanced/build/CMakeFiles/CMakeTmp/libexerciseone.a'
CMakeFiles/cmTC_4599a.dir/build.make:105: recipe for target 'cmTC_4599a' failed
make[1]: *** [cmTC_4599a] Error 1
make[1]: Leaving directory '/home/mantovan/libafl_tests/fuzzing-101-solutions/exercise-1-enhanced/build/CMakeFiles/CMakeTmp'
Makefile:140: recipe for target 'cmTC_4599a/fast' failed
make: *** [cmTC_4599a/fast] Error 2


Source file was:
#include <algorithm>
    bool cmp(const int &x, const int &y) { return x < y; }
    int a[100];
    int main() { std::sort(a, a+100, &cmp); }
Determining if the function fseeko exists failed with the following output:
Change Dir: /home/mantovan/libafl_tests/fuzzing-101-solutions/exercise-1-enhanced/build/CMakeFiles/CMakeTmp

Run Build Command(s):/usr/bin/make cmTC_5a6a3/fast && /usr/bin/make  -f CMakeFiles/cmTC_5a6a3.dir/build.make CMakeFiles/cmTC_5a6a3.dir/build
make[1]: Entering directory '/home/mantovan/libafl_tests/fuzzing-101-solutions/exercise-1-enhanced/build/CMakeFiles/CMakeTmp'
Building C object CMakeFiles/cmTC_5a6a3.dir/CheckFunctionExists.c.o
/home/mantovan/libafl_tests/fuzzing-101-solutions/exercise-1-enhanced/build/../../target/release/compiler   -DCHECK_FUNCTION_EXISTS=fseeko -o CMakeFiles/cmTC_5a6a3.dir/CheckFunctionExists.c.o -c /usr/local/share/cmake-3.18/Modules/CheckFunctionExists.c
Linking C executable cmTC_5a6a3
/usr/local/bin/cmake -E cmake_link_script CMakeFiles/cmTC_5a6a3.dir/link.txt --verbose=1
/home/mantovan/libafl_tests/fuzzing-101-solutions/exercise-1-enhanced/build/../../target/release/compiler  -DCHECK_FUNCTION_EXISTS=fseeko -rdynamic CMakeFiles/cmTC_5a6a3.dir/CheckFunctionExists.c.o -o cmTC_5a6a3 
clang: error: no such file or directory: '/home/mantovan/libafl_tests/fuzzing-101-solutions/exercise-1-enhanced/build/CMakeFiles/CMakeTmp/libexerciseone.a'
CMakeFiles/cmTC_5a6a3.dir/build.make:105: recipe for target 'cmTC_5a6a3' failed
make[1]: *** [cmTC_5a6a3] Error 1
make[1]: Leaving directory '/home/mantovan/libafl_tests/fuzzing-101-solutions/exercise-1-enhanced/build/CMakeFiles/CMakeTmp'
Makefile:140: recipe for target 'cmTC_5a6a3/fast' failed
make: *** [cmTC_5a6a3/fast] Error 2



Determining if the function fseek64 exists failed with the following output:
Change Dir: /home/mantovan/libafl_tests/fuzzing-101-solutions/exercise-1-enhanced/build/CMakeFiles/CMakeTmp

Run Build Command(s):/usr/bin/make cmTC_45b23/fast && /usr/bin/make  -f CMakeFiles/cmTC_45b23.dir/build.make CMakeFiles/cmTC_45b23.dir/build
make[1]: Entering directory '/home/mantovan/libafl_tests/fuzzing-101-solutions/exercise-1-enhanced/build/CMakeFiles/CMakeTmp'
Building C object CMakeFiles/cmTC_45b23.dir/CheckFunctionExists.c.o
/home/mantovan/libafl_tests/fuzzing-101-solutions/exercise-1-enhanced/build/../../target/release/compiler   -DCHECK_FUNCTION_EXISTS=fseek64 -o CMakeFiles/cmTC_45b23.dir/CheckFunctionExists.c.o -c /usr/local/share/cmake-3.18/Modules/CheckFunctionExists.c
Linking C executable cmTC_45b23
/usr/local/bin/cmake -E cmake_link_script CMakeFiles/cmTC_45b23.dir/link.txt --verbose=1
/home/mantovan/libafl_tests/fuzzing-101-solutions/exercise-1-enhanced/build/../../target/release/compiler  -DCHECK_FUNCTION_EXISTS=fseek64 -rdynamic CMakeFiles/cmTC_45b23.dir/CheckFunctionExists.c.o -o cmTC_45b23 
clang: error: no such file or directory: '/home/mantovan/libafl_tests/fuzzing-101-solutions/exercise-1-enhanced/build/CMakeFiles/CMakeTmp/libexerciseone.a'
CMakeFiles/cmTC_45b23.dir/build.make:105: recipe for target 'cmTC_45b23' failed
make[1]: *** [cmTC_45b23] Error 1
make[1]: Leaving directory '/home/mantovan/libafl_tests/fuzzing-101-solutions/exercise-1-enhanced/build/CMakeFiles/CMakeTmp'
Makefile:140: recipe for target 'cmTC_45b23/fast' failed
make: *** [cmTC_45b23/fast] Error 2



Determining if the function _fseeki64 exists failed with the following output:
Change Dir: /home/mantovan/libafl_tests/fuzzing-101-solutions/exercise-1-enhanced/build/CMakeFiles/CMakeTmp

Run Build Command(s):/usr/bin/make cmTC_6b80f/fast && /usr/bin/make  -f CMakeFiles/cmTC_6b80f.dir/build.make CMakeFiles/cmTC_6b80f.dir/build
make[1]: Entering directory '/home/mantovan/libafl_tests/fuzzing-101-solutions/exercise-1-enhanced/build/CMakeFiles/CMakeTmp'
Building C object CMakeFiles/cmTC_6b80f.dir/CheckFunctionExists.c.o
/home/mantovan/libafl_tests/fuzzing-101-solutions/exercise-1-enhanced/build/../../target/release/compiler   -DCHECK_FUNCTION_EXISTS=_fseeki64 -o CMakeFiles/cmTC_6b80f.dir/CheckFunctionExists.c.o -c /usr/local/share/cmake-3.18/Modules/CheckFunctionExists.c
Linking C executable cmTC_6b80f
/usr/local/bin/cmake -E cmake_link_script CMakeFiles/cmTC_6b80f.dir/link.txt --verbose=1
/home/mantovan/libafl_tests/fuzzing-101-solutions/exercise-1-enhanced/build/../../target/release/compiler  -DCHECK_FUNCTION_EXISTS=_fseeki64 -rdynamic CMakeFiles/cmTC_6b80f.dir/CheckFunctionExists.c.o -o cmTC_6b80f 
clang: error: no such file or directory: '/home/mantovan/libafl_tests/fuzzing-101-solutions/exercise-1-enhanced/build/CMakeFiles/CMakeTmp/libexerciseone.a'
CMakeFiles/cmTC_6b80f.dir/build.make:105: recipe for target 'cmTC_6b80f' failed
make[1]: *** [cmTC_6b80f] Error 1
make[1]: Leaving directory '/home/mantovan/libafl_tests/fuzzing-101-solutions/exercise-1-enhanced/build/CMakeFiles/CMakeTmp'
Makefile:140: recipe for target 'cmTC_6b80f/fast' failed
make: *** [cmTC_6b80f/fast] Error 2



Determining if the include file pthread.h exists failed with the following output:
Change Dir: /home/mantovan/libafl_tests/fuzzing-101-solutions/exercise-1-enhanced/build/CMakeFiles/CMakeTmp

Run Build Command(s):/usr/bin/make cmTC_e68ba/fast && /usr/bin/make  -f CMakeFiles/cmTC_e68ba.dir/build.make CMakeFiles/cmTC_e68ba.dir/build
make[1]: Entering directory '/home/mantovan/libafl_tests/fuzzing-101-solutions/exercise-1-enhanced/build/CMakeFiles/CMakeTmp'
Building C object CMakeFiles/cmTC_e68ba.dir/CheckIncludeFile.c.o
/home/mantovan/libafl_tests/fuzzing-101-solutions/exercise-1-enhanced/build/../../target/release/compiler    -o CMakeFiles/cmTC_e68ba.dir/CheckIncludeFile.c.o -c /home/mantovan/libafl_tests/fuzzing-101-solutions/exercise-1-enhanced/build/CMakeFiles/CMakeTmp/CheckIncludeFile.c
Linking C executable cmTC_e68ba
/usr/local/bin/cmake -E cmake_link_script CMakeFiles/cmTC_e68ba.dir/link.txt --verbose=1
/home/mantovan/libafl_tests/fuzzing-101-solutions/exercise-1-enhanced/build/../../target/release/compiler -rdynamic CMakeFiles/cmTC_e68ba.dir/CheckIncludeFile.c.o -o cmTC_e68ba 
clang: error: no such file or directory: '/home/mantovan/libafl_tests/fuzzing-101-solutions/exercise-1-enhanced/build/CMakeFiles/CMakeTmp/libexerciseone.a'
CMakeFiles/cmTC_e68ba.dir/build.make:105: recipe for target 'cmTC_e68ba' failed
make[1]: *** [cmTC_e68ba] Error 1
make[1]: Leaving directory '/home/mantovan/libafl_tests/fuzzing-101-solutions/exercise-1-enhanced/build/CMakeFiles/CMakeTmp'
Makefile:140: recipe for target 'cmTC_e68ba/fast' failed
make: *** [cmTC_e68ba/fast] Error 2



