The system is: Linux - 5.4.0-96-generic - x86_64
Compiling the C compiler identification source file "CMakeCCompilerId.c" succeeded.
Compiler: /usr/local/bin/afl-clang-lto 
Build flags: -fPIC
Id flags:  

The output was:
0


Compilation of the C compiler identification source "CMakeCCompilerId.c" produced "a.out"

The C compiler identification is Clang, found in "/home/mantovan/libafl_tests/fuzzing-101-solutions/exercise-1-enhanced/xpdf/build/CMakeFiles/3.18.2/CompilerIdC/a.out"

Compiling the CXX compiler identification source file "CMakeCXXCompilerId.cpp" succeeded.
Compiler: /usr/local/bin/afl-clang-lto++ 
Build flags: 
Id flags:  

The output was:
0


Compilation of the CXX compiler identification source "CMakeCXXCompilerId.cpp" produced "a.out"

The CXX compiler identification is Clang, found in "/home/mantovan/libafl_tests/fuzzing-101-solutions/exercise-1-enhanced/xpdf/build/CMakeFiles/3.18.2/CompilerIdCXX/a.out"

Detecting C compiler ABI info compiled with the following output:
Change Dir: /home/mantovan/libafl_tests/fuzzing-101-solutions/exercise-1-enhanced/xpdf/build/CMakeFiles/CMakeTmp

Run Build Command(s):/usr/bin/make cmTC_02fd8/fast && /usr/bin/make  -f CMakeFiles/cmTC_02fd8.dir/build.make CMakeFiles/cmTC_02fd8.dir/build
make[1]: Entering directory '/home/mantovan/libafl_tests/fuzzing-101-solutions/exercise-1-enhanced/xpdf/build/CMakeFiles/CMakeTmp'
Building C object CMakeFiles/cmTC_02fd8.dir/CMakeCCompilerABI.c.o
/usr/local/bin/afl-clang-lto   -fPIC    -v -o CMakeFiles/cmTC_02fd8.dir/CMakeCCompilerABI.c.o -c /usr/local/share/cmake-3.18/Modules/CMakeCCompilerABI.c
Ubuntu clang version 11.1.0-++20210428103915+1fdec59bffc1-1~exp1~20210428204556.164
Target: x86_64-pc-linux-gnu
Thread model: posix
InstalledDir: /usr/lib/llvm-11/bin
Found candidate GCC installation: /usr/lib/gcc/x86_64-linux-gnu/7
Found candidate GCC installation: /usr/lib/gcc/x86_64-linux-gnu/7.5.0
Found candidate GCC installation: /usr/lib/gcc/x86_64-linux-gnu/8
Selected GCC installation: /usr/lib/gcc/x86_64-linux-gnu/8
Candidate multilib: .;@m64
Selected multilib: .;@m64
 (in-process)
 "/usr/lib/llvm-11/bin/clang" -cc1 -triple x86_64-pc-linux-gnu -emit-llvm-bc -flto=full -flto-unit -disable-free -disable-llvm-verifier -discard-value-names -main-file-name CMakeCCompilerABI.c -mrelocation-model pic -pic-level 2 -mframe-pointer=none -fmath-errno -fno-rounding-math -mconstructor-aliases -munwind-tables -target-cpu x86-64 -fno-split-dwarf-inlining -debug-info-kind=limited -dwarf-version=4 -debugger-tuning=gdb -v -resource-dir /usr/lib/llvm-11/lib/clang/11.1.0 -D __AFL_HAVE_MANUAL_CONTROL=1 -D __AFL_COMPILER=1 -D FUZZING_BUILD_MODE_UNSAFE_FOR_PRODUCTION=1 -D "__AFL_FUZZ_INIT()=int __afl_sharedmem_fuzzing = 1;extern unsigned int *__afl_fuzz_len;extern unsigned char *__afl_fuzz_ptr;unsigned char __afl_fuzz_alt[1048576];unsigned char *__afl_fuzz_alt_ptr = __afl_fuzz_alt;" -D "__AFL_COVERAGE()=int __afl_selective_coverage = 1;void __afl_coverage_discard();void __afl_coverage_skip();void __afl_coverage_on();void __afl_coverage_off();" -D "__AFL_COVERAGE_START_OFF()=int __afl_selective_coverage_start_off = 1;" -D __AFL_COVERAGE_ON()=__afl_coverage_on() -D __AFL_COVERAGE_OFF()=__afl_coverage_off() -D __AFL_COVERAGE_DISCARD()=__afl_coverage_discard() -D __AFL_COVERAGE_SKIP()=__afl_coverage_skip() -D "__AFL_FUZZ_TESTCASE_BUF=(__afl_fuzz_ptr ? __afl_fuzz_ptr : __afl_fuzz_alt_ptr)" -D "__AFL_FUZZ_TESTCASE_LEN=(__afl_fuzz_ptr ? *__afl_fuzz_len : (*__afl_fuzz_len = read(0, __afl_fuzz_alt_ptr, 1048576)) == 0xffffffff ? 0 : *__afl_fuzz_len)" -D "__AFL_LOOP(_A)=({ static volatile char *_B __attribute__((used));  _B = (char*)\"##SIG_AFL_PERSISTENT##\"; __attribute__((visibility(\"default\"))) int _L(unsigned int) __asm__(\"__afl_persistent_loop\"); _L(_A); })" -D "__AFL_INIT()=do { static volatile char *_A __attribute__((used));  _A = (char*)\"##SIG_AFL_DEFER_FORKSRV##\"; __attribute__((visibility(\"default\"))) void _I(void) __asm__(\"__afl_manual_init\"); _I(); } while (0)" -internal-isystem /usr/local/include -internal-isystem /usr/lib/llvm-11/lib/clang/11.1.0/include -internal-externc-isystem /usr/include/x86_64-linux-gnu -internal-externc-isystem /include -internal-externc-isystem /usr/include -O3 -Wno-unused-command-line-argument -Wno-unused-command-line-argument -fdebug-compilation-dir /home/mantovan/libafl_tests/fuzzing-101-solutions/exercise-1-enhanced/xpdf/build/CMakeFiles/CMakeTmp -ferror-limit 19 -funroll-loops -fno-builtin-strcmp -fno-builtin-strncmp -fno-builtin-strcasecmp -fno-builtin-strncasecmp -fno-builtin-memcmp -fno-builtin-bcmp -fno-builtin-strstr -fno-builtin-strcasestr -fgnuc-version=4.2.1 -vectorize-loops -vectorize-slp -faddrsig -o CMakeFiles/cmTC_02fd8.dir/CMakeCCompilerABI.c.o -x c /usr/local/share/cmake-3.18/Modules/CMakeCCompilerABI.c
clang -cc1 version 11.1.0 based upon LLVM 11.1.0 default target x86_64-pc-linux-gnu
ignoring nonexistent directory "/include"
#include "..." search starts here:
#include <...> search starts here:
 /usr/local/include
 /usr/lib/llvm-11/lib/clang/11.1.0/include
 /usr/include/x86_64-linux-gnu
 /usr/include
End of search list.
Linking C executable cmTC_02fd8
/usr/local/bin/cmake -E cmake_link_script CMakeFiles/cmTC_02fd8.dir/link.txt --verbose=1
/usr/local/bin/afl-clang-lto -fPIC  -fPIC -v -rdynamic CMakeFiles/cmTC_02fd8.dir/CMakeCCompilerABI.c.o -o cmTC_02fd8 
Ubuntu clang version 11.1.0-++20210428103915+1fdec59bffc1-1~exp1~20210428204556.164
Target: x86_64-pc-linux-gnu
Thread model: posix
InstalledDir: /usr/lib/llvm-11/bin
Found candidate GCC installation: /usr/lib/gcc/x86_64-linux-gnu/7
Found candidate GCC installation: /usr/lib/gcc/x86_64-linux-gnu/7.5.0
Found candidate GCC installation: /usr/lib/gcc/x86_64-linux-gnu/8
Selected GCC installation: /usr/lib/gcc/x86_64-linux-gnu/8
Candidate multilib: .;@m64
Selected multilib: .;@m64
 "/usr/lib/llvm-11/bin/ld.lld" -export-dynamic -z relro --hash-style=gnu --build-id --eh-frame-hdr -m elf_x86_64 -export-dynamic -dynamic-linker /lib64/ld-linux-x86-64.so.2 -o cmTC_02fd8 /usr/lib/gcc/x86_64-linux-gnu/8/../../../x86_64-linux-gnu/crt1.o /usr/lib/gcc/x86_64-linux-gnu/8/../../../x86_64-linux-gnu/crti.o /usr/lib/gcc/x86_64-linux-gnu/8/crtbegin.o -L/usr/lib/gcc/x86_64-linux-gnu/8 -L/usr/lib/gcc/x86_64-linux-gnu/8/../../../x86_64-linux-gnu -L/lib/x86_64-linux-gnu -L/lib/../lib64 -L/usr/lib/x86_64-linux-gnu -L/usr/lib/gcc/x86_64-linux-gnu/8/../../.. -L/usr/lib/llvm-11/bin/../lib -L/lib -L/usr/lib -plugin-opt=mcpu=x86-64 -plugin-opt=O3 --allow-multiple-definition -mllvm=-load=/usr/local/bin/../lib/afl/SanitizerCoverageLTO.so CMakeFiles/cmTC_02fd8.dir/CMakeCCompilerABI.c.o /usr/local/bin/../lib/afl/afl-compiler-rt.o /usr/local/bin/../lib/afl/afl-llvm-rt-lto.o --dynamic-list=/usr/local/bin/../lib/afl/dynamic_list.txt -lgcc --as-needed -lgcc_s --no-as-needed -lc -lgcc --as-needed -lgcc_s --no-as-needed /usr/lib/gcc/x86_64-linux-gnu/8/crtend.o /usr/lib/gcc/x86_64-linux-gnu/8/../../../x86_64-linux-gnu/crtn.o
make[1]: Leaving directory '/home/mantovan/libafl_tests/fuzzing-101-solutions/exercise-1-enhanced/xpdf/build/CMakeFiles/CMakeTmp'



Parsed C implicit include dir info from above output: rv=done
  found start of include info
  found start of implicit include info
    add: [/usr/local/include]
    add: [/usr/lib/llvm-11/lib/clang/11.1.0/include]
    add: [/usr/include/x86_64-linux-gnu]
    add: [/usr/include]
  end of search list found
  collapse include dir [/usr/local/include] ==> [/usr/local/include]
  collapse include dir [/usr/lib/llvm-11/lib/clang/11.1.0/include] ==> [/usr/lib/llvm-11/lib/clang/11.1.0/include]
  collapse include dir [/usr/include/x86_64-linux-gnu] ==> [/usr/include/x86_64-linux-gnu]
  collapse include dir [/usr/include] ==> [/usr/include]
  implicit include dirs: [/usr/local/include;/usr/lib/llvm-11/lib/clang/11.1.0/include;/usr/include/x86_64-linux-gnu;/usr/include]


Parsed C implicit link information from above output:
  link line regex: [^( *|.*[/\])(ld|CMAKE_LINK_STARTFILE-NOTFOUND|([^/\]+-)?ld|collect2)[^/\]*( |$)]
  ignore line: [Change Dir: /home/mantovan/libafl_tests/fuzzing-101-solutions/exercise-1-enhanced/xpdf/build/CMakeFiles/CMakeTmp]
  ignore line: []
  ignore line: [Run Build Command(s):/usr/bin/make cmTC_02fd8/fast && /usr/bin/make  -f CMakeFiles/cmTC_02fd8.dir/build.make CMakeFiles/cmTC_02fd8.dir/build]
  ignore line: [make[1]: Entering directory '/home/mantovan/libafl_tests/fuzzing-101-solutions/exercise-1-enhanced/xpdf/build/CMakeFiles/CMakeTmp']
  ignore line: [Building C object CMakeFiles/cmTC_02fd8.dir/CMakeCCompilerABI.c.o]
  ignore line: [/usr/local/bin/afl-clang-lto   -fPIC    -v -o CMakeFiles/cmTC_02fd8.dir/CMakeCCompilerABI.c.o -c /usr/local/share/cmake-3.18/Modules/CMakeCCompilerABI.c]
  ignore line: [Ubuntu clang version 11.1.0-++20210428103915+1fdec59bffc1-1~exp1~20210428204556.164]
  ignore line: [Target: x86_64-pc-linux-gnu]
  ignore line: [Thread model: posix]
  ignore line: [InstalledDir: /usr/lib/llvm-11/bin]
  ignore line: [Found candidate GCC installation: /usr/lib/gcc/x86_64-linux-gnu/7]
  ignore line: [Found candidate GCC installation: /usr/lib/gcc/x86_64-linux-gnu/7.5.0]
  ignore line: [Found candidate GCC installation: /usr/lib/gcc/x86_64-linux-gnu/8]
  ignore line: [Selected GCC installation: /usr/lib/gcc/x86_64-linux-gnu/8]
  ignore line: [Candidate multilib: .]
  ignore line: [@m64]
  ignore line: [Selected multilib: .]
  ignore line: [@m64]
  ignore line: [ (in-process)]
  ignore line: [ "/usr/lib/llvm-11/bin/clang" -cc1 -triple x86_64-pc-linux-gnu -emit-llvm-bc -flto=full -flto-unit -disable-free -disable-llvm-verifier -discard-value-names -main-file-name CMakeCCompilerABI.c -mrelocation-model pic -pic-level 2 -mframe-pointer=none -fmath-errno -fno-rounding-math -mconstructor-aliases -munwind-tables -target-cpu x86-64 -fno-split-dwarf-inlining -debug-info-kind=limited -dwarf-version=4 -debugger-tuning=gdb -v -resource-dir /usr/lib/llvm-11/lib/clang/11.1.0 -D __AFL_HAVE_MANUAL_CONTROL=1 -D __AFL_COMPILER=1 -D FUZZING_BUILD_MODE_UNSAFE_FOR_PRODUCTION=1 -D "__AFL_FUZZ_INIT()=int __afl_sharedmem_fuzzing = 1]
  ignore line: [extern unsigned int *__afl_fuzz_len]
  ignore line: [extern unsigned char *__afl_fuzz_ptr]
  ignore line: [unsigned char __afl_fuzz_alt[1048576]]
  ignore line: [unsigned char *__afl_fuzz_alt_ptr = __afl_fuzz_alt]
  ignore line: [" -D "__AFL_COVERAGE()=int __afl_selective_coverage = 1]
  ignore line: [void __afl_coverage_discard()]
  ignore line: [void __afl_coverage_skip()]
  ignore line: [void __afl_coverage_on()]
  ignore line: [void __afl_coverage_off()]
  ignore line: [" -D "__AFL_COVERAGE_START_OFF()=int __afl_selective_coverage_start_off = 1]
  ignore line: [" -D __AFL_COVERAGE_ON()=__afl_coverage_on() -D __AFL_COVERAGE_OFF()=__afl_coverage_off() -D __AFL_COVERAGE_DISCARD()=__afl_coverage_discard() -D __AFL_COVERAGE_SKIP()=__afl_coverage_skip() -D "__AFL_FUZZ_TESTCASE_BUF=(__afl_fuzz_ptr ? __afl_fuzz_ptr : __afl_fuzz_alt_ptr)" -D "__AFL_FUZZ_TESTCASE_LEN=(__afl_fuzz_ptr ? *__afl_fuzz_len : (*__afl_fuzz_len = read(0  __afl_fuzz_alt_ptr  1048576)) == 0xffffffff ? 0 : *__afl_fuzz_len)" -D "__AFL_LOOP(_A)=({ static volatile char *_B __attribute__((used))]
  ignore line: [  _B = (char*)\"##SIG_AFL_PERSISTENT##\"]
  ignore line: [ __attribute__((visibility(\"default\"))) int _L(unsigned int) __asm__(\"__afl_persistent_loop\")]
  ignore line: [ _L(_A)]
  ignore line: [ })" -D "__AFL_INIT()=do { static volatile char *_A __attribute__((used))]
  ignore line: [  _A = (char*)\"##SIG_AFL_DEFER_FORKSRV##\"]
  ignore line: [ __attribute__((visibility(\"default\"))) void _I(void) __asm__(\"__afl_manual_init\")]
  ignore line: [ _I()]
  ignore line: [ } while (0)" -internal-isystem /usr/local/include -internal-isystem /usr/lib/llvm-11/lib/clang/11.1.0/include -internal-externc-isystem /usr/include/x86_64-linux-gnu -internal-externc-isystem /include -internal-externc-isystem /usr/include -O3 -Wno-unused-command-line-argument -Wno-unused-command-line-argument -fdebug-compilation-dir /home/mantovan/libafl_tests/fuzzing-101-solutions/exercise-1-enhanced/xpdf/build/CMakeFiles/CMakeTmp -ferror-limit 19 -funroll-loops -fno-builtin-strcmp -fno-builtin-strncmp -fno-builtin-strcasecmp -fno-builtin-strncasecmp -fno-builtin-memcmp -fno-builtin-bcmp -fno-builtin-strstr -fno-builtin-strcasestr -fgnuc-version=4.2.1 -vectorize-loops -vectorize-slp -faddrsig -o CMakeFiles/cmTC_02fd8.dir/CMakeCCompilerABI.c.o -x c /usr/local/share/cmake-3.18/Modules/CMakeCCompilerABI.c]
  ignore line: [clang -cc1 version 11.1.0 based upon LLVM 11.1.0 default target x86_64-pc-linux-gnu]
  ignore line: [ignoring nonexistent directory "/include"]
  ignore line: [#include "..." search starts here:]
  ignore line: [#include <...> search starts here:]
  ignore line: [ /usr/local/include]
  ignore line: [ /usr/lib/llvm-11/lib/clang/11.1.0/include]
  ignore line: [ /usr/include/x86_64-linux-gnu]
  ignore line: [ /usr/include]
  ignore line: [End of search list.]
  ignore line: [Linking C executable cmTC_02fd8]
  ignore line: [/usr/local/bin/cmake -E cmake_link_script CMakeFiles/cmTC_02fd8.dir/link.txt --verbose=1]
  ignore line: [/usr/local/bin/afl-clang-lto -fPIC  -fPIC -v -rdynamic CMakeFiles/cmTC_02fd8.dir/CMakeCCompilerABI.c.o -o cmTC_02fd8 ]
  ignore line: [Ubuntu clang version 11.1.0-++20210428103915+1fdec59bffc1-1~exp1~20210428204556.164]
  ignore line: [Target: x86_64-pc-linux-gnu]
  ignore line: [Thread model: posix]
  ignore line: [InstalledDir: /usr/lib/llvm-11/bin]
  ignore line: [Found candidate GCC installation: /usr/lib/gcc/x86_64-linux-gnu/7]
  ignore line: [Found candidate GCC installation: /usr/lib/gcc/x86_64-linux-gnu/7.5.0]
  ignore line: [Found candidate GCC installation: /usr/lib/gcc/x86_64-linux-gnu/8]
  ignore line: [Selected GCC installation: /usr/lib/gcc/x86_64-linux-gnu/8]
  ignore line: [Candidate multilib: .]
  ignore line: [@m64]
  ignore line: [Selected multilib: .]
  ignore line: [@m64]
  link line: [ "/usr/lib/llvm-11/bin/ld.lld" -export-dynamic -z relro --hash-style=gnu --build-id --eh-frame-hdr -m elf_x86_64 -export-dynamic -dynamic-linker /lib64/ld-linux-x86-64.so.2 -o cmTC_02fd8 /usr/lib/gcc/x86_64-linux-gnu/8/../../../x86_64-linux-gnu/crt1.o /usr/lib/gcc/x86_64-linux-gnu/8/../../../x86_64-linux-gnu/crti.o /usr/lib/gcc/x86_64-linux-gnu/8/crtbegin.o -L/usr/lib/gcc/x86_64-linux-gnu/8 -L/usr/lib/gcc/x86_64-linux-gnu/8/../../../x86_64-linux-gnu -L/lib/x86_64-linux-gnu -L/lib/../lib64 -L/usr/lib/x86_64-linux-gnu -L/usr/lib/gcc/x86_64-linux-gnu/8/../../.. -L/usr/lib/llvm-11/bin/../lib -L/lib -L/usr/lib -plugin-opt=mcpu=x86-64 -plugin-opt=O3 --allow-multiple-definition -mllvm=-load=/usr/local/bin/../lib/afl/SanitizerCoverageLTO.so CMakeFiles/cmTC_02fd8.dir/CMakeCCompilerABI.c.o /usr/local/bin/../lib/afl/afl-compiler-rt.o /usr/local/bin/../lib/afl/afl-llvm-rt-lto.o --dynamic-list=/usr/local/bin/../lib/afl/dynamic_list.txt -lgcc --as-needed -lgcc_s --no-as-needed -lc -lgcc --as-needed -lgcc_s --no-as-needed /usr/lib/gcc/x86_64-linux-gnu/8/crtend.o /usr/lib/gcc/x86_64-linux-gnu/8/../../../x86_64-linux-gnu/crtn.o]
    arg [/usr/lib/llvm-11/bin/ld.lld] ==> ignore
    arg [-export-dynamic] ==> ignore
    arg [-zrelro] ==> ignore
    arg [--hash-style=gnu] ==> ignore
    arg [--build-id] ==> ignore
    arg [--eh-frame-hdr] ==> ignore
    arg [-m] ==> ignore
    arg [elf_x86_64] ==> ignore
    arg [-export-dynamic] ==> ignore
    arg [-dynamic-linker] ==> ignore
    arg [/lib64/ld-linux-x86-64.so.2] ==> ignore
    arg [-o] ==> ignore
    arg [cmTC_02fd8] ==> ignore
    arg [/usr/lib/gcc/x86_64-linux-gnu/8/../../../x86_64-linux-gnu/crt1.o] ==> ignore
    arg [/usr/lib/gcc/x86_64-linux-gnu/8/../../../x86_64-linux-gnu/crti.o] ==> ignore
    arg [/usr/lib/gcc/x86_64-linux-gnu/8/crtbegin.o] ==> ignore
    arg [-L/usr/lib/gcc/x86_64-linux-gnu/8] ==> dir [/usr/lib/gcc/x86_64-linux-gnu/8]
    arg [-L/usr/lib/gcc/x86_64-linux-gnu/8/../../../x86_64-linux-gnu] ==> dir [/usr/lib/gcc/x86_64-linux-gnu/8/../../../x86_64-linux-gnu]
    arg [-L/lib/x86_64-linux-gnu] ==> dir [/lib/x86_64-linux-gnu]
    arg [-L/lib/../lib64] ==> dir [/lib/../lib64]
    arg [-L/usr/lib/x86_64-linux-gnu] ==> dir [/usr/lib/x86_64-linux-gnu]
    arg [-L/usr/lib/gcc/x86_64-linux-gnu/8/../../..] ==> dir [/usr/lib/gcc/x86_64-linux-gnu/8/../../..]
    arg [-L/usr/lib/llvm-11/bin/../lib] ==> dir [/usr/lib/llvm-11/bin/../lib]
    arg [-L/lib] ==> dir [/lib]
    arg [-L/usr/lib] ==> dir [/usr/lib]
    arg [-plugin-opt=mcpu=x86-64] ==> ignore
    arg [-plugin-opt=O3] ==> ignore
    arg [--allow-multiple-definition] ==> ignore
    arg [-mllvm=-load=/usr/local/bin/../lib/afl/SanitizerCoverageLTO.so] ==> ignore
    arg [CMakeFiles/cmTC_02fd8.dir/CMakeCCompilerABI.c.o] ==> ignore
    arg [/usr/local/bin/../lib/afl/afl-compiler-rt.o] ==> ignore
    arg [/usr/local/bin/../lib/afl/afl-llvm-rt-lto.o] ==> ignore
    arg [--dynamic-list=/usr/local/bin/../lib/afl/dynamic_list.txt] ==> ignore
    arg [-lgcc] ==> lib [gcc]
    arg [--as-needed] ==> ignore
    arg [-lgcc_s] ==> lib [gcc_s]
    arg [--no-as-needed] ==> ignore
    arg [-lc] ==> lib [c]
    arg [-lgcc] ==> lib [gcc]
    arg [--as-needed] ==> ignore
    arg [-lgcc_s] ==> lib [gcc_s]
    arg [--no-as-needed] ==> ignore
    arg [/usr/lib/gcc/x86_64-linux-gnu/8/crtend.o] ==> ignore
    arg [/usr/lib/gcc/x86_64-linux-gnu/8/../../../x86_64-linux-gnu/crtn.o] ==> ignore
  collapse library dir [/usr/lib/gcc/x86_64-linux-gnu/8] ==> [/usr/lib/gcc/x86_64-linux-gnu/8]
  collapse library dir [/usr/lib/gcc/x86_64-linux-gnu/8/../../../x86_64-linux-gnu] ==> [/usr/lib/x86_64-linux-gnu]
  collapse library dir [/lib/x86_64-linux-gnu] ==> [/lib/x86_64-linux-gnu]
  collapse library dir [/lib/../lib64] ==> [/lib64]
  collapse library dir [/usr/lib/x86_64-linux-gnu] ==> [/usr/lib/x86_64-linux-gnu]
  collapse library dir [/usr/lib/gcc/x86_64-linux-gnu/8/../../..] ==> [/usr/lib]
  collapse library dir [/usr/lib/llvm-11/bin/../lib] ==> [/usr/lib/llvm-11/lib]
  collapse library dir [/lib] ==> [/lib]
  collapse library dir [/usr/lib] ==> [/usr/lib]
  implicit libs: [gcc;gcc_s;c;gcc;gcc_s]
  implicit dirs: [/usr/lib/gcc/x86_64-linux-gnu/8;/usr/lib/x86_64-linux-gnu;/lib/x86_64-linux-gnu;/lib64;/usr/lib;/usr/lib/llvm-11/lib;/lib]
  implicit fwks: []


Detecting CXX compiler ABI info compiled with the following output:
Change Dir: /home/mantovan/libafl_tests/fuzzing-101-solutions/exercise-1-enhanced/xpdf/build/CMakeFiles/CMakeTmp

Run Build Command(s):/usr/bin/make cmTC_aeb02/fast && /usr/bin/make  -f CMakeFiles/cmTC_aeb02.dir/build.make CMakeFiles/cmTC_aeb02.dir/build
make[1]: Entering directory '/home/mantovan/libafl_tests/fuzzing-101-solutions/exercise-1-enhanced/xpdf/build/CMakeFiles/CMakeTmp'
Building CXX object CMakeFiles/cmTC_aeb02.dir/CMakeCXXCompilerABI.cpp.o
/usr/local/bin/afl-clang-lto++   -v -o CMakeFiles/cmTC_aeb02.dir/CMakeCXXCompilerABI.cpp.o -c /usr/local/share/cmake-3.18/Modules/CMakeCXXCompilerABI.cpp
Ubuntu clang version 11.1.0-++20210428103915+1fdec59bffc1-1~exp1~20210428204556.164
Target: x86_64-pc-linux-gnu
Thread model: posix
InstalledDir: /usr/lib/llvm-11/bin
Found candidate GCC installation: /usr/lib/gcc/x86_64-linux-gnu/7
Found candidate GCC installation: /usr/lib/gcc/x86_64-linux-gnu/7.5.0
Found candidate GCC installation: /usr/lib/gcc/x86_64-linux-gnu/8
Selected GCC installation: /usr/lib/gcc/x86_64-linux-gnu/8
Candidate multilib: .;@m64
Selected multilib: .;@m64
 (in-process)
 "/usr/lib/llvm-11/bin/clang" -cc1 -triple x86_64-pc-linux-gnu -emit-llvm-bc -flto=full -flto-unit -disable-free -disable-llvm-verifier -discard-value-names -main-file-name CMakeCXXCompilerABI.cpp -mrelocation-model pic -pic-level 2 -mframe-pointer=none -fmath-errno -fno-rounding-math -mconstructor-aliases -munwind-tables -target-cpu x86-64 -fno-split-dwarf-inlining -debug-info-kind=limited -dwarf-version=4 -debugger-tuning=gdb -v -resource-dir /usr/lib/llvm-11/lib/clang/11.1.0 -D __AFL_HAVE_MANUAL_CONTROL=1 -D __AFL_COMPILER=1 -D FUZZING_BUILD_MODE_UNSAFE_FOR_PRODUCTION=1 -D "__AFL_FUZZ_INIT()=int __afl_sharedmem_fuzzing = 1;extern unsigned int *__afl_fuzz_len;extern unsigned char *__afl_fuzz_ptr;unsigned char __afl_fuzz_alt[1048576];unsigned char *__afl_fuzz_alt_ptr = __afl_fuzz_alt;" -D "__AFL_COVERAGE()=int __afl_selective_coverage = 1;extern \"C\" void __afl_coverage_discard();extern \"C\" void __afl_coverage_skip();extern \"C\" void __afl_coverage_on();extern \"C\" void __afl_coverage_off();" -D "__AFL_COVERAGE_START_OFF()=int __afl_selective_coverage_start_off = 1;" -D __AFL_COVERAGE_ON()=__afl_coverage_on() -D __AFL_COVERAGE_OFF()=__afl_coverage_off() -D __AFL_COVERAGE_DISCARD()=__afl_coverage_discard() -D __AFL_COVERAGE_SKIP()=__afl_coverage_skip() -D "__AFL_FUZZ_TESTCASE_BUF=(__afl_fuzz_ptr ? __afl_fuzz_ptr : __afl_fuzz_alt_ptr)" -D "__AFL_FUZZ_TESTCASE_LEN=(__afl_fuzz_ptr ? *__afl_fuzz_len : (*__afl_fuzz_len = read(0, __afl_fuzz_alt_ptr, 1048576)) == 0xffffffff ? 0 : *__afl_fuzz_len)" -D "__AFL_LOOP(_A)=({ static volatile char *_B __attribute__((used));  _B = (char*)\"##SIG_AFL_PERSISTENT##\"; __attribute__((visibility(\"default\"))) int _L(unsigned int) __asm__(\"__afl_persistent_loop\"); _L(_A); })" -D "__AFL_INIT()=do { static volatile char *_A __attribute__((used));  _A = (char*)\"##SIG_AFL_DEFER_FORKSRV##\"; __attribute__((visibility(\"default\"))) void _I(void) __asm__(\"__afl_manual_init\"); _I(); } while (0)" -internal-isystem /usr/lib/gcc/x86_64-linux-gnu/8/../../../../include/c++/8 -internal-isystem /usr/lib/gcc/x86_64-linux-gnu/8/../../../../include/x86_64-linux-gnu/c++/8 -internal-isystem /usr/lib/gcc/x86_64-linux-gnu/8/../../../../include/x86_64-linux-gnu/c++/8 -internal-isystem /usr/lib/gcc/x86_64-linux-gnu/8/../../../../include/c++/8/backward -internal-isystem /usr/local/include -internal-isystem /usr/lib/llvm-11/lib/clang/11.1.0/include -internal-externc-isystem /usr/include/x86_64-linux-gnu -internal-externc-isystem /include -internal-externc-isystem /usr/include -O3 -Wno-unused-command-line-argument -Wno-unused-command-line-argument -fdeprecated-macro -fdebug-compilation-dir /home/mantovan/libafl_tests/fuzzing-101-solutions/exercise-1-enhanced/xpdf/build/CMakeFiles/CMakeTmp -ferror-limit 19 -funroll-loops -fno-builtin-strcmp -fno-builtin-strncmp -fno-builtin-strcasecmp -fno-builtin-strncasecmp -fno-builtin-memcmp -fno-builtin-bcmp -fno-builtin-strstr -fno-builtin-strcasestr -fgnuc-version=4.2.1 -fcxx-exceptions -fexceptions -vectorize-loops -vectorize-slp -faddrsig -o CMakeFiles/cmTC_aeb02.dir/CMakeCXXCompilerABI.cpp.o -x c++ /usr/local/share/cmake-3.18/Modules/CMakeCXXCompilerABI.cpp
clang -cc1 version 11.1.0 based upon LLVM 11.1.0 default target x86_64-pc-linux-gnu
ignoring nonexistent directory "/include"
ignoring duplicate directory "/usr/lib/gcc/x86_64-linux-gnu/8/../../../../include/x86_64-linux-gnu/c++/8"
#include "..." search starts here:
#include <...> search starts here:
 /usr/lib/gcc/x86_64-linux-gnu/8/../../../../include/c++/8
 /usr/lib/gcc/x86_64-linux-gnu/8/../../../../include/x86_64-linux-gnu/c++/8
 /usr/lib/gcc/x86_64-linux-gnu/8/../../../../include/c++/8/backward
 /usr/local/include
 /usr/lib/llvm-11/lib/clang/11.1.0/include
 /usr/include/x86_64-linux-gnu
 /usr/include
End of search list.
Linking CXX executable cmTC_aeb02
/usr/local/bin/cmake -E cmake_link_script CMakeFiles/cmTC_aeb02.dir/link.txt --verbose=1
/usr/local/bin/afl-clang-lto++ -fPIC -v -rdynamic CMakeFiles/cmTC_aeb02.dir/CMakeCXXCompilerABI.cpp.o -o cmTC_aeb02 
Ubuntu clang version 11.1.0-++20210428103915+1fdec59bffc1-1~exp1~20210428204556.164
Target: x86_64-pc-linux-gnu
Thread model: posix
InstalledDir: /usr/lib/llvm-11/bin
Found candidate GCC installation: /usr/lib/gcc/x86_64-linux-gnu/7
Found candidate GCC installation: /usr/lib/gcc/x86_64-linux-gnu/7.5.0
Found candidate GCC installation: /usr/lib/gcc/x86_64-linux-gnu/8
Selected GCC installation: /usr/lib/gcc/x86_64-linux-gnu/8
Candidate multilib: .;@m64
Selected multilib: .;@m64
 "/usr/lib/llvm-11/bin/ld.lld" -export-dynamic -z relro --hash-style=gnu --build-id --eh-frame-hdr -m elf_x86_64 -export-dynamic -dynamic-linker /lib64/ld-linux-x86-64.so.2 -o cmTC_aeb02 /usr/lib/gcc/x86_64-linux-gnu/8/../../../x86_64-linux-gnu/crt1.o /usr/lib/gcc/x86_64-linux-gnu/8/../../../x86_64-linux-gnu/crti.o /usr/lib/gcc/x86_64-linux-gnu/8/crtbegin.o -L/usr/lib/gcc/x86_64-linux-gnu/8 -L/usr/lib/gcc/x86_64-linux-gnu/8/../../../x86_64-linux-gnu -L/lib/x86_64-linux-gnu -L/lib/../lib64 -L/usr/lib/x86_64-linux-gnu -L/usr/lib/gcc/x86_64-linux-gnu/8/../../.. -L/usr/lib/llvm-11/bin/../lib -L/lib -L/usr/lib -plugin-opt=mcpu=x86-64 -plugin-opt=O3 --allow-multiple-definition -mllvm=-load=/usr/local/bin/../lib/afl/SanitizerCoverageLTO.so CMakeFiles/cmTC_aeb02.dir/CMakeCXXCompilerABI.cpp.o /usr/local/bin/../lib/afl/afl-compiler-rt.o /usr/local/bin/../lib/afl/afl-llvm-rt-lto.o --dynamic-list=/usr/local/bin/../lib/afl/dynamic_list.txt -lstdc++ -lm -lgcc_s -lgcc -lc -lgcc_s -lgcc /usr/lib/gcc/x86_64-linux-gnu/8/crtend.o /usr/lib/gcc/x86_64-linux-gnu/8/../../../x86_64-linux-gnu/crtn.o
make[1]: Leaving directory '/home/mantovan/libafl_tests/fuzzing-101-solutions/exercise-1-enhanced/xpdf/build/CMakeFiles/CMakeTmp'



Parsed CXX implicit include dir info from above output: rv=done
  found start of include info
  found start of implicit include info
    add: [/usr/lib/gcc/x86_64-linux-gnu/8/../../../../include/c++/8]
    add: [/usr/lib/gcc/x86_64-linux-gnu/8/../../../../include/x86_64-linux-gnu/c++/8]
    add: [/usr/lib/gcc/x86_64-linux-gnu/8/../../../../include/c++/8/backward]
    add: [/usr/local/include]
    add: [/usr/lib/llvm-11/lib/clang/11.1.0/include]
    add: [/usr/include/x86_64-linux-gnu]
    add: [/usr/include]
  end of search list found
  collapse include dir [/usr/lib/gcc/x86_64-linux-gnu/8/../../../../include/c++/8] ==> [/usr/include/c++/8]
  collapse include dir [/usr/lib/gcc/x86_64-linux-gnu/8/../../../../include/x86_64-linux-gnu/c++/8] ==> [/usr/include/x86_64-linux-gnu/c++/8]
  collapse include dir [/usr/lib/gcc/x86_64-linux-gnu/8/../../../../include/c++/8/backward] ==> [/usr/include/c++/8/backward]
  collapse include dir [/usr/local/include] ==> [/usr/local/include]
  collapse include dir [/usr/lib/llvm-11/lib/clang/11.1.0/include] ==> [/usr/lib/llvm-11/lib/clang/11.1.0/include]
  collapse include dir [/usr/include/x86_64-linux-gnu] ==> [/usr/include/x86_64-linux-gnu]
  collapse include dir [/usr/include] ==> [/usr/include]
  implicit include dirs: [/usr/include/c++/8;/usr/include/x86_64-linux-gnu/c++/8;/usr/include/c++/8/backward;/usr/local/include;/usr/lib/llvm-11/lib/clang/11.1.0/include;/usr/include/x86_64-linux-gnu;/usr/include]


Parsed CXX implicit link information from above output:
  link line regex: [^( *|.*[/\])(ld|CMAKE_LINK_STARTFILE-NOTFOUND|([^/\]+-)?ld|collect2)[^/\]*( |$)]
  ignore line: [Change Dir: /home/mantovan/libafl_tests/fuzzing-101-solutions/exercise-1-enhanced/xpdf/build/CMakeFiles/CMakeTmp]
  ignore line: []
  ignore line: [Run Build Command(s):/usr/bin/make cmTC_aeb02/fast && /usr/bin/make  -f CMakeFiles/cmTC_aeb02.dir/build.make CMakeFiles/cmTC_aeb02.dir/build]
  ignore line: [make[1]: Entering directory '/home/mantovan/libafl_tests/fuzzing-101-solutions/exercise-1-enhanced/xpdf/build/CMakeFiles/CMakeTmp']
  ignore line: [Building CXX object CMakeFiles/cmTC_aeb02.dir/CMakeCXXCompilerABI.cpp.o]
  ignore line: [/usr/local/bin/afl-clang-lto++   -v -o CMakeFiles/cmTC_aeb02.dir/CMakeCXXCompilerABI.cpp.o -c /usr/local/share/cmake-3.18/Modules/CMakeCXXCompilerABI.cpp]
  ignore line: [Ubuntu clang version 11.1.0-++20210428103915+1fdec59bffc1-1~exp1~20210428204556.164]
  ignore line: [Target: x86_64-pc-linux-gnu]
  ignore line: [Thread model: posix]
  ignore line: [InstalledDir: /usr/lib/llvm-11/bin]
  ignore line: [Found candidate GCC installation: /usr/lib/gcc/x86_64-linux-gnu/7]
  ignore line: [Found candidate GCC installation: /usr/lib/gcc/x86_64-linux-gnu/7.5.0]
  ignore line: [Found candidate GCC installation: /usr/lib/gcc/x86_64-linux-gnu/8]
  ignore line: [Selected GCC installation: /usr/lib/gcc/x86_64-linux-gnu/8]
  ignore line: [Candidate multilib: .]
  ignore line: [@m64]
  ignore line: [Selected multilib: .]
  ignore line: [@m64]
  ignore line: [ (in-process)]
  ignore line: [ "/usr/lib/llvm-11/bin/clang" -cc1 -triple x86_64-pc-linux-gnu -emit-llvm-bc -flto=full -flto-unit -disable-free -disable-llvm-verifier -discard-value-names -main-file-name CMakeCXXCompilerABI.cpp -mrelocation-model pic -pic-level 2 -mframe-pointer=none -fmath-errno -fno-rounding-math -mconstructor-aliases -munwind-tables -target-cpu x86-64 -fno-split-dwarf-inlining -debug-info-kind=limited -dwarf-version=4 -debugger-tuning=gdb -v -resource-dir /usr/lib/llvm-11/lib/clang/11.1.0 -D __AFL_HAVE_MANUAL_CONTROL=1 -D __AFL_COMPILER=1 -D FUZZING_BUILD_MODE_UNSAFE_FOR_PRODUCTION=1 -D "__AFL_FUZZ_INIT()=int __afl_sharedmem_fuzzing = 1]
  ignore line: [extern unsigned int *__afl_fuzz_len]
  ignore line: [extern unsigned char *__afl_fuzz_ptr]
  ignore line: [unsigned char __afl_fuzz_alt[1048576]]
  ignore line: [unsigned char *__afl_fuzz_alt_ptr = __afl_fuzz_alt]
  ignore line: [" -D "__AFL_COVERAGE()=int __afl_selective_coverage = 1]
  ignore line: [extern \"C\" void __afl_coverage_discard()]
  ignore line: [extern \"C\" void __afl_coverage_skip()]
  ignore line: [extern \"C\" void __afl_coverage_on()]
  ignore line: [extern \"C\" void __afl_coverage_off()]
  ignore line: [" -D "__AFL_COVERAGE_START_OFF()=int __afl_selective_coverage_start_off = 1]
  ignore line: [" -D __AFL_COVERAGE_ON()=__afl_coverage_on() -D __AFL_COVERAGE_OFF()=__afl_coverage_off() -D __AFL_COVERAGE_DISCARD()=__afl_coverage_discard() -D __AFL_COVERAGE_SKIP()=__afl_coverage_skip() -D "__AFL_FUZZ_TESTCASE_BUF=(__afl_fuzz_ptr ? __afl_fuzz_ptr : __afl_fuzz_alt_ptr)" -D "__AFL_FUZZ_TESTCASE_LEN=(__afl_fuzz_ptr ? *__afl_fuzz_len : (*__afl_fuzz_len = read(0  __afl_fuzz_alt_ptr  1048576)) == 0xffffffff ? 0 : *__afl_fuzz_len)" -D "__AFL_LOOP(_A)=({ static volatile char *_B __attribute__((used))]
  ignore line: [  _B = (char*)\"##SIG_AFL_PERSISTENT##\"]
  ignore line: [ __attribute__((visibility(\"default\"))) int _L(unsigned int) __asm__(\"__afl_persistent_loop\")]
  ignore line: [ _L(_A)]
  ignore line: [ })" -D "__AFL_INIT()=do { static volatile char *_A __attribute__((used))]
  ignore line: [  _A = (char*)\"##SIG_AFL_DEFER_FORKSRV##\"]
  ignore line: [ __attribute__((visibility(\"default\"))) void _I(void) __asm__(\"__afl_manual_init\")]
  ignore line: [ _I()]
  ignore line: [ } while (0)" -internal-isystem /usr/lib/gcc/x86_64-linux-gnu/8/../../../../include/c++/8 -internal-isystem /usr/lib/gcc/x86_64-linux-gnu/8/../../../../include/x86_64-linux-gnu/c++/8 -internal-isystem /usr/lib/gcc/x86_64-linux-gnu/8/../../../../include/x86_64-linux-gnu/c++/8 -internal-isystem /usr/lib/gcc/x86_64-linux-gnu/8/../../../../include/c++/8/backward -internal-isystem /usr/local/include -internal-isystem /usr/lib/llvm-11/lib/clang/11.1.0/include -internal-externc-isystem /usr/include/x86_64-linux-gnu -internal-externc-isystem /include -internal-externc-isystem /usr/include -O3 -Wno-unused-command-line-argument -Wno-unused-command-line-argument -fdeprecated-macro -fdebug-compilation-dir /home/mantovan/libafl_tests/fuzzing-101-solutions/exercise-1-enhanced/xpdf/build/CMakeFiles/CMakeTmp -ferror-limit 19 -funroll-loops -fno-builtin-strcmp -fno-builtin-strncmp -fno-builtin-strcasecmp -fno-builtin-strncasecmp -fno-builtin-memcmp -fno-builtin-bcmp -fno-builtin-strstr -fno-builtin-strcasestr -fgnuc-version=4.2.1 -fcxx-exceptions -fexceptions -vectorize-loops -vectorize-slp -faddrsig -o CMakeFiles/cmTC_aeb02.dir/CMakeCXXCompilerABI.cpp.o -x c++ /usr/local/share/cmake-3.18/Modules/CMakeCXXCompilerABI.cpp]
  ignore line: [clang -cc1 version 11.1.0 based upon LLVM 11.1.0 default target x86_64-pc-linux-gnu]
  ignore line: [ignoring nonexistent directory "/include"]
  ignore line: [ignoring duplicate directory "/usr/lib/gcc/x86_64-linux-gnu/8/../../../../include/x86_64-linux-gnu/c++/8"]
  ignore line: [#include "..." search starts here:]
  ignore line: [#include <...> search starts here:]
  ignore line: [ /usr/lib/gcc/x86_64-linux-gnu/8/../../../../include/c++/8]
  ignore line: [ /usr/lib/gcc/x86_64-linux-gnu/8/../../../../include/x86_64-linux-gnu/c++/8]
  ignore line: [ /usr/lib/gcc/x86_64-linux-gnu/8/../../../../include/c++/8/backward]
  ignore line: [ /usr/local/include]
  ignore line: [ /usr/lib/llvm-11/lib/clang/11.1.0/include]
  ignore line: [ /usr/include/x86_64-linux-gnu]
  ignore line: [ /usr/include]
  ignore line: [End of search list.]
  ignore line: [Linking CXX executable cmTC_aeb02]
  ignore line: [/usr/local/bin/cmake -E cmake_link_script CMakeFiles/cmTC_aeb02.dir/link.txt --verbose=1]
  ignore line: [/usr/local/bin/afl-clang-lto++ -fPIC -v -rdynamic CMakeFiles/cmTC_aeb02.dir/CMakeCXXCompilerABI.cpp.o -o cmTC_aeb02 ]
  ignore line: [Ubuntu clang version 11.1.0-++20210428103915+1fdec59bffc1-1~exp1~20210428204556.164]
  ignore line: [Target: x86_64-pc-linux-gnu]
  ignore line: [Thread model: posix]
  ignore line: [InstalledDir: /usr/lib/llvm-11/bin]
  ignore line: [Found candidate GCC installation: /usr/lib/gcc/x86_64-linux-gnu/7]
  ignore line: [Found candidate GCC installation: /usr/lib/gcc/x86_64-linux-gnu/7.5.0]
  ignore line: [Found candidate GCC installation: /usr/lib/gcc/x86_64-linux-gnu/8]
  ignore line: [Selected GCC installation: /usr/lib/gcc/x86_64-linux-gnu/8]
  ignore line: [Candidate multilib: .]
  ignore line: [@m64]
  ignore line: [Selected multilib: .]
  ignore line: [@m64]
  link line: [ "/usr/lib/llvm-11/bin/ld.lld" -export-dynamic -z relro --hash-style=gnu --build-id --eh-frame-hdr -m elf_x86_64 -export-dynamic -dynamic-linker /lib64/ld-linux-x86-64.so.2 -o cmTC_aeb02 /usr/lib/gcc/x86_64-linux-gnu/8/../../../x86_64-linux-gnu/crt1.o /usr/lib/gcc/x86_64-linux-gnu/8/../../../x86_64-linux-gnu/crti.o /usr/lib/gcc/x86_64-linux-gnu/8/crtbegin.o -L/usr/lib/gcc/x86_64-linux-gnu/8 -L/usr/lib/gcc/x86_64-linux-gnu/8/../../../x86_64-linux-gnu -L/lib/x86_64-linux-gnu -L/lib/../lib64 -L/usr/lib/x86_64-linux-gnu -L/usr/lib/gcc/x86_64-linux-gnu/8/../../.. -L/usr/lib/llvm-11/bin/../lib -L/lib -L/usr/lib -plugin-opt=mcpu=x86-64 -plugin-opt=O3 --allow-multiple-definition -mllvm=-load=/usr/local/bin/../lib/afl/SanitizerCoverageLTO.so CMakeFiles/cmTC_aeb02.dir/CMakeCXXCompilerABI.cpp.o /usr/local/bin/../lib/afl/afl-compiler-rt.o /usr/local/bin/../lib/afl/afl-llvm-rt-lto.o --dynamic-list=/usr/local/bin/../lib/afl/dynamic_list.txt -lstdc++ -lm -lgcc_s -lgcc -lc -lgcc_s -lgcc /usr/lib/gcc/x86_64-linux-gnu/8/crtend.o /usr/lib/gcc/x86_64-linux-gnu/8/../../../x86_64-linux-gnu/crtn.o]
    arg [/usr/lib/llvm-11/bin/ld.lld] ==> ignore
    arg [-export-dynamic] ==> ignore
    arg [-zrelro] ==> ignore
    arg [--hash-style=gnu] ==> ignore
    arg [--build-id] ==> ignore
    arg [--eh-frame-hdr] ==> ignore
    arg [-m] ==> ignore
    arg [elf_x86_64] ==> ignore
    arg [-export-dynamic] ==> ignore
    arg [-dynamic-linker] ==> ignore
    arg [/lib64/ld-linux-x86-64.so.2] ==> ignore
    arg [-o] ==> ignore
    arg [cmTC_aeb02] ==> ignore
    arg [/usr/lib/gcc/x86_64-linux-gnu/8/../../../x86_64-linux-gnu/crt1.o] ==> ignore
    arg [/usr/lib/gcc/x86_64-linux-gnu/8/../../../x86_64-linux-gnu/crti.o] ==> ignore
    arg [/usr/lib/gcc/x86_64-linux-gnu/8/crtbegin.o] ==> ignore
    arg [-L/usr/lib/gcc/x86_64-linux-gnu/8] ==> dir [/usr/lib/gcc/x86_64-linux-gnu/8]
    arg [-L/usr/lib/gcc/x86_64-linux-gnu/8/../../../x86_64-linux-gnu] ==> dir [/usr/lib/gcc/x86_64-linux-gnu/8/../../../x86_64-linux-gnu]
    arg [-L/lib/x86_64-linux-gnu] ==> dir [/lib/x86_64-linux-gnu]
    arg [-L/lib/../lib64] ==> dir [/lib/../lib64]
    arg [-L/usr/lib/x86_64-linux-gnu] ==> dir [/usr/lib/x86_64-linux-gnu]
    arg [-L/usr/lib/gcc/x86_64-linux-gnu/8/../../..] ==> dir [/usr/lib/gcc/x86_64-linux-gnu/8/../../..]
    arg [-L/usr/lib/llvm-11/bin/../lib] ==> dir [/usr/lib/llvm-11/bin/../lib]
    arg [-L/lib] ==> dir [/lib]
    arg [-L/usr/lib] ==> dir [/usr/lib]
    arg [-plugin-opt=mcpu=x86-64] ==> ignore
    arg [-plugin-opt=O3] ==> ignore
    arg [--allow-multiple-definition] ==> ignore
    arg [-mllvm=-load=/usr/local/bin/../lib/afl/SanitizerCoverageLTO.so] ==> ignore
    arg [CMakeFiles/cmTC_aeb02.dir/CMakeCXXCompilerABI.cpp.o] ==> ignore
    arg [/usr/local/bin/../lib/afl/afl-compiler-rt.o] ==> ignore
    arg [/usr/local/bin/../lib/afl/afl-llvm-rt-lto.o] ==> ignore
    arg [--dynamic-list=/usr/local/bin/../lib/afl/dynamic_list.txt] ==> ignore
    arg [-lstdc++] ==> lib [stdc++]
    arg [-lm] ==> lib [m]
    arg [-lgcc_s] ==> lib [gcc_s]
    arg [-lgcc] ==> lib [gcc]
    arg [-lc] ==> lib [c]
    arg [-lgcc_s] ==> lib [gcc_s]
    arg [-lgcc] ==> lib [gcc]
    arg [/usr/lib/gcc/x86_64-linux-gnu/8/crtend.o] ==> ignore
    arg [/usr/lib/gcc/x86_64-linux-gnu/8/../../../x86_64-linux-gnu/crtn.o] ==> ignore
  collapse library dir [/usr/lib/gcc/x86_64-linux-gnu/8] ==> [/usr/lib/gcc/x86_64-linux-gnu/8]
  collapse library dir [/usr/lib/gcc/x86_64-linux-gnu/8/../../../x86_64-linux-gnu] ==> [/usr/lib/x86_64-linux-gnu]
  collapse library dir [/lib/x86_64-linux-gnu] ==> [/lib/x86_64-linux-gnu]
  collapse library dir [/lib/../lib64] ==> [/lib64]
  collapse library dir [/usr/lib/x86_64-linux-gnu] ==> [/usr/lib/x86_64-linux-gnu]
  collapse library dir [/usr/lib/gcc/x86_64-linux-gnu/8/../../..] ==> [/usr/lib]
  collapse library dir [/usr/lib/llvm-11/bin/../lib] ==> [/usr/lib/llvm-11/lib]
  collapse library dir [/lib] ==> [/lib]
  collapse library dir [/usr/lib] ==> [/usr/lib]
  implicit libs: [stdc++;m;gcc_s;gcc;c;gcc_s;gcc]
  implicit dirs: [/usr/lib/gcc/x86_64-linux-gnu/8;/usr/lib/x86_64-linux-gnu;/lib/x86_64-linux-gnu;/lib64;/usr/lib;/usr/lib/llvm-11/lib;/lib]
  implicit fwks: []


Determining if the function mkstemp exists passed with the following output:
Change Dir: /home/mantovan/libafl_tests/fuzzing-101-solutions/exercise-1-enhanced/xpdf/build/CMakeFiles/CMakeTmp

Run Build Command(s):/usr/bin/make cmTC_28362/fast && /usr/bin/make  -f CMakeFiles/cmTC_28362.dir/build.make CMakeFiles/cmTC_28362.dir/build
make[1]: Entering directory '/home/mantovan/libafl_tests/fuzzing-101-solutions/exercise-1-enhanced/xpdf/build/CMakeFiles/CMakeTmp'
Building C object CMakeFiles/cmTC_28362.dir/CheckFunctionExists.c.o
/usr/local/bin/afl-clang-lto   -fPIC -DCHECK_FUNCTION_EXISTS=mkstemp -o CMakeFiles/cmTC_28362.dir/CheckFunctionExists.c.o -c /usr/local/share/cmake-3.18/Modules/CheckFunctionExists.c
Linking C executable cmTC_28362
/usr/local/bin/cmake -E cmake_link_script CMakeFiles/cmTC_28362.dir/link.txt --verbose=1
/usr/local/bin/afl-clang-lto -fPIC -DCHECK_FUNCTION_EXISTS=mkstemp -fPIC  -rdynamic CMakeFiles/cmTC_28362.dir/CheckFunctionExists.c.o -o cmTC_28362 
make[1]: Leaving directory '/home/mantovan/libafl_tests/fuzzing-101-solutions/exercise-1-enhanced/xpdf/build/CMakeFiles/CMakeTmp'



Determining if the function mkstemps exists passed with the following output:
Change Dir: /home/mantovan/libafl_tests/fuzzing-101-solutions/exercise-1-enhanced/xpdf/build/CMakeFiles/CMakeTmp

Run Build Command(s):/usr/bin/make cmTC_7ce2e/fast && /usr/bin/make  -f CMakeFiles/cmTC_7ce2e.dir/build.make CMakeFiles/cmTC_7ce2e.dir/build
make[1]: Entering directory '/home/mantovan/libafl_tests/fuzzing-101-solutions/exercise-1-enhanced/xpdf/build/CMakeFiles/CMakeTmp'
Building C object CMakeFiles/cmTC_7ce2e.dir/CheckFunctionExists.c.o
/usr/local/bin/afl-clang-lto   -fPIC -DCHECK_FUNCTION_EXISTS=mkstemps -o CMakeFiles/cmTC_7ce2e.dir/CheckFunctionExists.c.o -c /usr/local/share/cmake-3.18/Modules/CheckFunctionExists.c
Linking C executable cmTC_7ce2e
/usr/local/bin/cmake -E cmake_link_script CMakeFiles/cmTC_7ce2e.dir/link.txt --verbose=1
/usr/local/bin/afl-clang-lto -fPIC -DCHECK_FUNCTION_EXISTS=mkstemps -fPIC  -rdynamic CMakeFiles/cmTC_7ce2e.dir/CheckFunctionExists.c.o -o cmTC_7ce2e 
make[1]: Leaving directory '/home/mantovan/libafl_tests/fuzzing-101-solutions/exercise-1-enhanced/xpdf/build/CMakeFiles/CMakeTmp'



Determining if the function popen exists passed with the following output:
Change Dir: /home/mantovan/libafl_tests/fuzzing-101-solutions/exercise-1-enhanced/xpdf/build/CMakeFiles/CMakeTmp

Run Build Command(s):/usr/bin/make cmTC_cd16a/fast && /usr/bin/make  -f CMakeFiles/cmTC_cd16a.dir/build.make CMakeFiles/cmTC_cd16a.dir/build
make[1]: Entering directory '/home/mantovan/libafl_tests/fuzzing-101-solutions/exercise-1-enhanced/xpdf/build/CMakeFiles/CMakeTmp'
Building C object CMakeFiles/cmTC_cd16a.dir/CheckFunctionExists.c.o
/usr/local/bin/afl-clang-lto   -fPIC -DCHECK_FUNCTION_EXISTS=popen -o CMakeFiles/cmTC_cd16a.dir/CheckFunctionExists.c.o -c /usr/local/share/cmake-3.18/Modules/CheckFunctionExists.c
Linking C executable cmTC_cd16a
/usr/local/bin/cmake -E cmake_link_script CMakeFiles/cmTC_cd16a.dir/link.txt --verbose=1
/usr/local/bin/afl-clang-lto -fPIC -DCHECK_FUNCTION_EXISTS=popen -fPIC  -rdynamic CMakeFiles/cmTC_cd16a.dir/CheckFunctionExists.c.o -o cmTC_cd16a 
make[1]: Leaving directory '/home/mantovan/libafl_tests/fuzzing-101-solutions/exercise-1-enhanced/xpdf/build/CMakeFiles/CMakeTmp'



Performing C++ SOURCE FILE Test HAVE_STD_SORT succeeded with the following output:
Change Dir: /home/mantovan/libafl_tests/fuzzing-101-solutions/exercise-1-enhanced/xpdf/build/CMakeFiles/CMakeTmp

Run Build Command(s):/usr/bin/make cmTC_2f871/fast && /usr/bin/make  -f CMakeFiles/cmTC_2f871.dir/build.make CMakeFiles/cmTC_2f871.dir/build
make[1]: Entering directory '/home/mantovan/libafl_tests/fuzzing-101-solutions/exercise-1-enhanced/xpdf/build/CMakeFiles/CMakeTmp'
Building CXX object CMakeFiles/cmTC_2f871.dir/src.cxx.o
/usr/local/bin/afl-clang-lto++   -DHAVE_STD_SORT -o CMakeFiles/cmTC_2f871.dir/src.cxx.o -c /home/mantovan/libafl_tests/fuzzing-101-solutions/exercise-1-enhanced/xpdf/build/CMakeFiles/CMakeTmp/src.cxx
Linking CXX executable cmTC_2f871
/usr/local/bin/cmake -E cmake_link_script CMakeFiles/cmTC_2f871.dir/link.txt --verbose=1
/usr/local/bin/afl-clang-lto++  -DHAVE_STD_SORT -fPIC  -rdynamic CMakeFiles/cmTC_2f871.dir/src.cxx.o -o cmTC_2f871 
make[1]: Leaving directory '/home/mantovan/libafl_tests/fuzzing-101-solutions/exercise-1-enhanced/xpdf/build/CMakeFiles/CMakeTmp'


Source file was:
#include <algorithm>
    bool cmp(const int &x, const int &y) { return x < y; }
    int a[100];
    int main() { std::sort(a, a+100, &cmp); }
Determining if the function fseeko exists passed with the following output:
Change Dir: /home/mantovan/libafl_tests/fuzzing-101-solutions/exercise-1-enhanced/xpdf/build/CMakeFiles/CMakeTmp

Run Build Command(s):/usr/bin/make cmTC_a75af/fast && /usr/bin/make  -f CMakeFiles/cmTC_a75af.dir/build.make CMakeFiles/cmTC_a75af.dir/build
make[1]: Entering directory '/home/mantovan/libafl_tests/fuzzing-101-solutions/exercise-1-enhanced/xpdf/build/CMakeFiles/CMakeTmp'
Building C object CMakeFiles/cmTC_a75af.dir/CheckFunctionExists.c.o
/usr/local/bin/afl-clang-lto   -fPIC -DCHECK_FUNCTION_EXISTS=fseeko -o CMakeFiles/cmTC_a75af.dir/CheckFunctionExists.c.o -c /usr/local/share/cmake-3.18/Modules/CheckFunctionExists.c
Linking C executable cmTC_a75af
/usr/local/bin/cmake -E cmake_link_script CMakeFiles/cmTC_a75af.dir/link.txt --verbose=1
/usr/local/bin/afl-clang-lto -fPIC -DCHECK_FUNCTION_EXISTS=fseeko -fPIC  -rdynamic CMakeFiles/cmTC_a75af.dir/CheckFunctionExists.c.o -o cmTC_a75af 
make[1]: Leaving directory '/home/mantovan/libafl_tests/fuzzing-101-solutions/exercise-1-enhanced/xpdf/build/CMakeFiles/CMakeTmp'



Determining if the include file pthread.h exists passed with the following output:
Change Dir: /home/mantovan/libafl_tests/fuzzing-101-solutions/exercise-1-enhanced/xpdf/build/CMakeFiles/CMakeTmp

Run Build Command(s):/usr/bin/make cmTC_edeec/fast && /usr/bin/make  -f CMakeFiles/cmTC_edeec.dir/build.make CMakeFiles/cmTC_edeec.dir/build
make[1]: Entering directory '/home/mantovan/libafl_tests/fuzzing-101-solutions/exercise-1-enhanced/xpdf/build/CMakeFiles/CMakeTmp'
Building C object CMakeFiles/cmTC_edeec.dir/CheckIncludeFile.c.o
/usr/local/bin/afl-clang-lto   -fPIC  -o CMakeFiles/cmTC_edeec.dir/CheckIncludeFile.c.o -c /home/mantovan/libafl_tests/fuzzing-101-solutions/exercise-1-enhanced/xpdf/build/CMakeFiles/CMakeTmp/CheckIncludeFile.c
Linking C executable cmTC_edeec
/usr/local/bin/cmake -E cmake_link_script CMakeFiles/cmTC_edeec.dir/link.txt --verbose=1
/usr/local/bin/afl-clang-lto -fPIC  -fPIC  -rdynamic CMakeFiles/cmTC_edeec.dir/CheckIncludeFile.c.o -o cmTC_edeec 
make[1]: Leaving directory '/home/mantovan/libafl_tests/fuzzing-101-solutions/exercise-1-enhanced/xpdf/build/CMakeFiles/CMakeTmp'



Determining if the function pthread_create exists in the pthread passed with the following output:
Change Dir: /home/mantovan/libafl_tests/fuzzing-101-solutions/exercise-1-enhanced/xpdf/build/CMakeFiles/CMakeTmp

Run Build Command(s):/usr/bin/make cmTC_015e1/fast && /usr/bin/make  -f CMakeFiles/cmTC_015e1.dir/build.make CMakeFiles/cmTC_015e1.dir/build
make[1]: Entering directory '/home/mantovan/libafl_tests/fuzzing-101-solutions/exercise-1-enhanced/xpdf/build/CMakeFiles/CMakeTmp'
Building C object CMakeFiles/cmTC_015e1.dir/CheckFunctionExists.c.o
/usr/local/bin/afl-clang-lto   -fPIC -DCHECK_FUNCTION_EXISTS=pthread_create -o CMakeFiles/cmTC_015e1.dir/CheckFunctionExists.c.o -c /usr/local/share/cmake-3.18/Modules/CheckFunctionExists.c
Linking C executable cmTC_015e1
/usr/local/bin/cmake -E cmake_link_script CMakeFiles/cmTC_015e1.dir/link.txt --verbose=1
/usr/local/bin/afl-clang-lto -fPIC -DCHECK_FUNCTION_EXISTS=pthread_create -fPIC  -rdynamic CMakeFiles/cmTC_015e1.dir/CheckFunctionExists.c.o -o cmTC_015e1  -lpthread 
make[1]: Leaving directory '/home/mantovan/libafl_tests/fuzzing-101-solutions/exercise-1-enhanced/xpdf/build/CMakeFiles/CMakeTmp'



